<?xml version="1.0" encoding="UTF-8"?>
<testsuite name="acceptance.AcceptanceTest" tests="0" skipped="0" failures="0" errors="0" timestamp="1970-01-01T00:00:00" hostname="amine-TECRA-A50-EC" time="0.0">
  <properties/>
  <system-out><![CDATA[]]></system-out>
  <system-err><![CDATA[Dec 08, 2023 11:56:34 AM io.cucumber.core.runtime.FeaturePathFeatureSupplier get
WARNING: No features found at classpath:feature
]]></system-err>
</testsuite>
