<?xml version="1.0" encoding="UTF-8"?>
<testsuite name="com.amine.calculator.CalculatorApplicationTests" tests="1" skipped="0" failures="0" errors="0" timestamp="2023-12-08T09:11:48" hostname="amine-TECRA-A50-EC" time="1.068">
  <properties/>
  <testcase name="contextLoads()" classname="com.amine.calculator.CalculatorApplicationTests" time="1.068"/>
  <system-out><![CDATA[10:11:45.893 [Test worker] INFO org.springframework.test.context.support.AnnotationConfigContextLoaderUtils -- Could not detect default configuration classes for test class [com.amine.calculator.CalculatorApplicationTests]: CalculatorApplicationTests does not declare any static, non-private, non-final, nested classes annotated with @Configuration.
10:11:46.124 [Test worker] INFO org.springframework.boot.test.context.SpringBootTestContextBootstrapper -- Found @SpringBootConfiguration com.amine.calculator.CalculatorApplication for test class com.amine.calculator.CalculatorApplicationTests

  .   ____          _            __ _ _
 /\\ / ___'_ __ _ _(_)_ __  __ _ \ \ \ \
( ( )\___ | '_ | '_| | '_ \/ _` | \ \ \ \
 \\/  ___)| |_)| | | | | || (_| |  ) ) ) )
  '  |____| .__|_| |_|_| |_\__, | / / / /
 =========|_|==============|___/=/_/_/_/
 :: Spring Boot ::                (v3.2.0)

2023-12-08T10:11:46.851+01:00  INFO 22670 --- [    Test worker] c.a.c.CalculatorApplicationTests         : Starting CalculatorApplicationTests using Java 17.0.9 with PID 22670 (started by amine in /home/amine/OneDrive/UIC/S9/Integration et deploiement des SI/finalProject/acceptance)
2023-12-08T10:11:46.854+01:00  INFO 22670 --- [    Test worker] c.a.c.CalculatorApplicationTests         : No active profile set, falling back to 1 default profile: "default"
2023-12-08T10:11:48.669+01:00  INFO 22670 --- [    Test worker] c.a.c.CalculatorApplicationTests         : Started CalculatorApplicationTests in 2.26 seconds (process running for 4.232)
]]></system-out>
  <system-err><![CDATA[]]></system-err>
</testsuite>
